 
****************************************
Report : timing
        -path full
        -delay max
        -max_paths 1
Design : MyDesign
Version: T-2022.03-SP4
Date   : Thu Oct 19 12:11:21 2023
****************************************

Operating Conditions: slow   Library: NangateOpenCellLibrary_PDKv1_2_v2008_10_slow_nldm
Wire Load Model Mode: top

  Startpoint: sum_r_reg[20]
              (rising edge-triggered flip-flop clocked by clk)
  Endpoint: sum_r_reg[27]
            (rising edge-triggered flip-flop clocked by clk)
  Path Group: clk
  Path Type: max

  Point                                    Incr       Path
  -----------------------------------------------------------
  clock clk (rise edge)                  0.0000     0.0000
  clock network delay (ideal)            0.0000     0.0000
  sum_r_reg[20]/CK (DFF_X1)              0.0000     0.0000 r
  sum_r_reg[20]/Q (DFF_X1)               0.5792     0.5792 f
  U1335/ZN (NAND2_X1)                    0.1128     0.6920 r
  U1316/ZN (NAND2_X1)                    0.0835     0.7755 f
  U2007/ZN (NOR2_X2)                     0.1788     0.9543 r
  U2006/ZN (NAND2_X2)                    0.0872     1.0415 f
  U624/ZN (NOR2_X4)                      0.1339     1.1754 r
  U1361/ZN (NAND2_X2)                    0.0679     1.2433 f
  U1360/ZN (NAND3_X2)                    0.1671     1.4104 r
  U1359/ZN (INV_X4)                      0.0461     1.4565 f
  U2022/ZN (NAND3_X2)                    0.1481     1.6046 r
  U2174/ZN (INV_X8)                      0.0935     1.6980 f
  U1283/ZN (INV_X32)                     0.0905     1.7886 r
  U685/ZN (INV_X2)                       0.0505     1.8391 f
  U1276/ZN (NAND2_X1)                    0.1166     1.9557 r
  U1441/ZN (NAND2_X2)                    0.1039     2.0596 f
  U2128/ZN (NOR2_X2)                     0.1329     2.1925 r
  U2126/ZN (NAND3_X2)                    0.0726     2.2651 f
  U1229/ZN (NOR2_X2)                     0.1837     2.4488 r
  U1989/ZN (NAND2_X2)                    0.0832     2.5320 f
  U2087/ZN (NOR2_X4)                     0.2118     2.7438 r
  U1215/ZN (NOR2_X2)                     0.0994     2.8431 f
  U556/ZN (INV_X4)                       0.0653     2.9084 r
  U407/ZN (INV_X1)                       0.0515     2.9599 f
  U2143/ZN (NAND2_X2)                    0.1038     3.0637 r
  U821/ZN (INV_X1)                       0.0542     3.1179 f
  U1163/ZN (NAND2_X1)                    0.1160     3.2339 r
  U1150/ZN (NAND2_X1)                    0.1123     3.3462 f
  U1134/ZN (AND2_X2)                     0.1786     3.5248 f
  U799/ZN (AND2_X1)                      0.2239     3.7487 f
  U1106/ZN (NAND3_X1)                    0.1699     3.9185 r
  U669/ZN (NAND3_X1)                     0.1050     4.0235 f
  U1093/ZN (AOI21_X2)                    0.3776     4.4011 r
  U1079/ZN (OAI21_X2)                    0.1772     4.5783 f
  U1916/ZN (NAND3_X2)                    0.1669     4.7451 r
  U527/ZN (INV_X4)                       0.0355     4.7807 f
  U499/ZN (NAND2_X1)                     0.0983     4.8790 r
  U1050/ZN (AND2_X2)                     0.1730     5.0520 r
  U1048/ZN (NAND3_X2)                    0.0677     5.1197 f
  U1042/ZN (INV_X2)                      0.1296     5.2492 r
  U1451/ZN (NAND2_X2)                    0.0844     5.3336 f
  U1035/ZN (INV_X4)                      0.1836     5.5172 r
  U1027/ZN (NAND2_X1)                    0.1025     5.6197 f
  U1914/ZN (NAND4_X2)                    0.2457     5.8654 r
  U645/ZN (NAND2_X2)                     0.0792     5.9446 f
  U2066/ZN (NAND3_X2)                    0.1637     6.1083 r
  U1979/ZN (NAND3_X2)                    0.1042     6.2125 f
  U1861/ZN (NAND2_X2)                    0.1598     6.3723 r
  U596/ZN (INV_X4)                       0.0598     6.4321 f
  U1378/ZN (NAND2_X2)                    0.1377     6.5698 r
  U1377/ZN (NOR2_X2)                     0.0797     6.6495 f
  U974/ZN (NAND2_X1)                     0.1258     6.7753 r
  U2171/ZN (NAND3_X2)                    0.1245     6.8998 f
  U2170/ZN (NAND2_X2)                    0.1057     7.0055 r
  U2181/ZN (INV_X2)                      0.0515     7.0570 f
  U1932/ZN (NAND3_X2)                    0.2195     7.2765 r
  U1428/ZN (INV_X4)                      0.0798     7.3563 f
  U941/ZN (NAND3_X1)                     0.1727     7.5290 r
  U633/ZN (XNOR2_X2)                     0.3282     7.8572 r
  U632/ZN (INV_X4)                       0.0414     7.8986 f
  U928/ZN (AOI21_X2)                     0.1520     8.0506 r
  U2076/ZN (NAND2_X2)                    0.1052     8.1559 f
  U2075/ZN (NOR2_X2)                     0.1242     8.2801 r
  U1737/ZN (INV_X1)                      0.0871     8.3671 f
  U565/ZN (NAND2_X4)                     0.0973     8.4645 r
  U572/ZN (INV_X4)                       0.0435     8.5080 f
  U571/ZN (NAND2_X4)                     0.0914     8.5994 r
  U642/ZN (INV_X4)                       0.0459     8.6452 f
  U641/ZN (NAND2_X4)                     0.1563     8.8016 r
  U2085/ZN (NAND3_X4)                    0.1490     8.9506 f
  U586/ZN (NAND2_X1)                     0.1884     9.1389 r
  U579/ZN (NAND3_X2)                     0.0821     9.2211 f
  U1759/ZN (XNOR2_X1)                    0.2404     9.4614 f
  U885/ZN (AND2_X2)                      0.1800     9.6415 f
  sum_r_reg[27]/D (DFF_X1)               0.0000     9.6415 f
  data arrival time                                 9.6415

  clock clk (rise edge)                 10.0000    10.0000
  clock network delay (ideal)            0.0000    10.0000
  clock uncertainty                     -0.0500     9.9500
  sum_r_reg[27]/CK (DFF_X1)              0.0000     9.9500 r
  library setup time                    -0.3085     9.6415
  data required time                                9.6415
  -----------------------------------------------------------
  data required time                                9.6415
  data arrival time                                -9.6415
  -----------------------------------------------------------
  slack (MET)                                       0.0001


1
